<?xml version="1.0" encoding="UTF-8"?>
<!-- Generated by org.testng.reporters.JUnitXMLReporter -->
<testsuite hostname="DESKTOP-TR5ELL5" name="Default test" tests="4" failures="0" timestamp="5 Dec 2016 10:33:06 GMT" time="34.002" errors="0">
  <testcase name="positiveSearchByEmailTest" time="4.092" classname="HW3.tests.SearchTest"/>
  <testcase name="positiveSearchByFirstNameTest" time="3.331" classname="HW3.tests.SearchTest"/>
  <testcase name="positiveSearchByLastNameTest" time="3.549" classname="HW3.tests.SearchTest"/>
  <testcase name="positiveSearchByUsernameTest" time="3.658" classname="HW3.tests.SearchTest"/>
</testsuite> <!-- Default test -->
